2026-07-02 15:19:21,424 | INFO | bill-extractor | Bill Extractor API started
2026-07-02 15:19:22,495 | INFO | bill-extractor | Bill Extractor API started
2026-07-02 15:19:50,643 | INFO | bill-extractor | Upload started: Billing.pdf
2026-07-02 15:19:50,644 | INFO | bill-extractor | File saved: app/storage/uploads/a2c6a30c-531f-4594-a60a-aa742b4c9a0e.pdf
2026-07-02 15:19:50,685 | INFO | bill-extractor | PDF text extracted successfully
2026-07-02 15:19:50,693 | INFO | bill-extractor | Invoice parsed: 001342138725
2026-07-02 15:19:50,748 | WARNING | bill-extractor | Duplicate invoice detected: 001342138725
2026-07-02 15:19:50,749 | INFO | bill-extractor | Duplicate file removed: app/storage/uploads/a2c6a30c-531f-4594-a60a-aa742b4c9a0e.pdf
2026-07-02 15:23:55,410 | INFO | bill-extractor | Bill Extractor API started
2026-07-02 15:24:10,504 | INFO | bill-extractor | Bill Extractor API started
2026-07-02 15:24:11,568 | INFO | bill-extractor | Bill Extractor API started
2026-07-02 15:24:33,381 | INFO | bill-extractor | Bill Extractor API started
2026-07-02 15:25:26,266 | INFO | bill-extractor | Bill Extractor API started
2026-07-02 15:26:10,148 | INFO | bill-extractor | Upload started: Billing.pdf
2026-07-02 15:26:10,149 | INFO | bill-extractor | File saved: app/storage/uploads/b3836b94-4605-41d4-999b-1a39756da5d2.pdf
2026-07-02 15:26:10,159 | INFO | bill-extractor | PDF text extracted successfully
2026-07-02 15:26:10,161 | INFO | bill-extractor | Invoice parsed: 001342138725
2026-07-02 15:26:10,183 | WARNING | bill-extractor | Duplicate invoice detected: 001342138725
2026-07-02 15:26:10,183 | INFO | bill-extractor | Duplicate file removed: app/storage/uploads/b3836b94-4605-41d4-999b-1a39756da5d2.pdf
2026-07-02 15:26:10,184 | WARNING | bill-extractor | POST /api/upload -> Invoice '001342138725' already exists.
2026-07-02 15:26:20,913 | INFO | bill-extractor | Upload started: Billing.pdf
2026-07-02 15:26:20,914 | INFO | bill-extractor | File saved: app/storage/uploads/b5ca323d-49e8-4899-b543-629af2d46416.pdf
2026-07-02 15:26:20,941 | INFO | bill-extractor | PDF text extracted successfully
2026-07-02 15:26:20,941 | INFO | bill-extractor | Invoice parsed: 001342138725
2026-07-02 15:26:20,944 | WARNING | bill-extractor | Duplicate invoice detected: 001342138725
2026-07-02 15:26:20,944 | INFO | bill-extractor | Duplicate file removed: app/storage/uploads/b5ca323d-49e8-4899-b543-629af2d46416.pdf
2026-07-02 15:26:20,946 | WARNING | bill-extractor | POST /api/upload -> Invoice '001342138725' already exists.
2026-07-02 18:53:54,105 | INFO | bill-extractor | Bill Extractor API started
2026-07-02 18:53:54,721 | INFO | bill-extractor | Bill Extractor API started
2026-07-02 18:54:50,127 | ERROR | bill-extractor | Unhandled Exception: /api/bills/26467a9d-e6d3-439c-a9b6-070e379b5bc2
Traceback (most recent call last):
  File "/home/raza/Projects/bill-extracter/backend/.venv/lib/python3.13/site-packages/starlette/middleware/errors.py", line 164, in __call__
    await self.app(scope, receive, _send)
  File "/home/raza/Projects/bill-extracter/backend/.venv/lib/python3.13/site-packages/starlette/middleware/exceptions.py", line 63, in __call__
    await wrap_app_handling_exceptions(self.app, conn)(scope, receive, send)
  File "/home/raza/Projects/bill-extracter/backend/.venv/lib/python3.13/site-packages/starlette/_exception_handler.py", line 53, in wrapped_app
    raise exc
  File "/home/raza/Projects/bill-extracter/backend/.venv/lib/python3.13/site-packages/starlette/_exception_handler.py", line 42, in wrapped_app
    await app(scope, receive, sender)
  File "/home/raza/Projects/bill-extracter/backend/.venv/lib/python3.13/site-packages/fastapi/middleware/asyncexitstack.py", line 18, in __call__
    await self.app(scope, receive, send)
  File "/home/raza/Projects/bill-extracter/backend/.venv/lib/python3.13/site-packages/starlette/routing.py", line 660, in __call__
    await self.middleware_stack(scope, receive, send)
  File "/home/raza/Projects/bill-extracter/backend/.venv/lib/python3.13/site-packages/fastapi/routing.py", line 2543, in app
    await route.handle(scope, receive, send)
  File "/home/raza/Projects/bill-extracter/backend/.venv/lib/python3.13/site-packages/fastapi/routing.py", line 1700, in handle
    await self.original_router.handle(scope, receive, send)
  File "/home/raza/Projects/bill-extracter/backend/.venv/lib/python3.13/site-packages/fastapi/routing.py", line 2598, in handle
    await included_router._handle_selected(scope, receive, send)
  File "/home/raza/Projects/bill-extracter/backend/.venv/lib/python3.13/site-packages/fastapi/routing.py", line 1720, in _handle_selected
    await original_route.handle(scope, receive, send)
  File "/home/raza/Projects/bill-extracter/backend/.venv/lib/python3.13/site-packages/fastapi/routing.py", line 1239, in handle
    await app(scope, receive, send)
  File "/home/raza/Projects/bill-extracter/backend/.venv/lib/python3.13/site-packages/fastapi/routing.py", line 150, in app
    await wrap_app_handling_exceptions(app, request)(scope, receive, send)
  File "/home/raza/Projects/bill-extracter/backend/.venv/lib/python3.13/site-packages/starlette/_exception_handler.py", line 53, in wrapped_app
    raise exc
  File "/home/raza/Projects/bill-extracter/backend/.venv/lib/python3.13/site-packages/starlette/_exception_handler.py", line 42, in wrapped_app
    await app(scope, receive, sender)
  File "/home/raza/Projects/bill-extracter/backend/.venv/lib/python3.13/site-packages/fastapi/routing.py", line 136, in app
    response = await f(request)
               ^^^^^^^^^^^^^^^^
  File "/home/raza/Projects/bill-extracter/backend/.venv/lib/python3.13/site-packages/fastapi/routing.py", line 690, in app
    raw_response = await run_endpoint_function(
                   ^^^^^^^^^^^^^^^^^^^^^^^^^^^^
    ...<3 lines>...
    )
    ^
  File "/home/raza/Projects/bill-extracter/backend/.venv/lib/python3.13/site-packages/fastapi/routing.py", line 346, in run_endpoint_function
    return await run_in_threadpool(dependant.call, **values)
           ^^^^^^^^^^^^^^^^^^^^^^^^^^^^^^^^^^^^^^^^^^^^^^^^^
  File "/home/raza/Projects/bill-extracter/backend/.venv/lib/python3.13/site-packages/starlette/concurrency.py", line 34, in run_in_threadpool
    return await anyio.to_thread.run_sync(func)
           ^^^^^^^^^^^^^^^^^^^^^^^^^^^^^^^^^^^^
  File "/home/raza/Projects/bill-extracter/backend/.venv/lib/python3.13/site-packages/anyio/to_thread.py", line 63, in run_sync
    return await get_async_backend().run_sync_in_worker_thread(
           ^^^^^^^^^^^^^^^^^^^^^^^^^^^^^^^^^^^^^^^^^^^^^^^^^^^^
        func, args, abandon_on_cancel=abandon_on_cancel, limiter=limiter
        ^^^^^^^^^^^^^^^^^^^^^^^^^^^^^^^^^^^^^^^^^^^^^^^^^^^^^^^^^^^^^^^^
    )
    ^
  File "/home/raza/Projects/bill-extracter/backend/.venv/lib/python3.13/site-packages/anyio/_backends/_asyncio.py", line 2596, in run_sync_in_worker_thread
    return await future
           ^^^^^^^^^^^^
  File "/home/raza/Projects/bill-extracter/backend/.venv/lib/python3.13/site-packages/anyio/_backends/_asyncio.py", line 1029, in run
    result = context.run(func, *args)
  File "/home/raza/Projects/bill-extracter/backend/app/api/bills.py", line 63, in delete_bill
    bill = BillService.delete_bill(
        db,
        bill_id,
    )
  File "/home/raza/Projects/bill-extracter/backend/app/services/bill_service.py", line 98, in delete_bill
    pdf_path = Path(bill.pdf_path)
                    ^^^^^^^^^^^^^
AttributeError: 'UUID' object has no attribute 'pdf_path'
2026-07-02 18:55:01,861 | ERROR | bill-extractor | Unhandled Exception: /api/bills/26467a9d-e6d3-439c-a9b6-070e379b5bc2
Traceback (most recent call last):
  File "/home/raza/Projects/bill-extracter/backend/.venv/lib/python3.13/site-packages/starlette/middleware/errors.py", line 164, in __call__
    await self.app(scope, receive, _send)
  File "/home/raza/Projects/bill-extracter/backend/.venv/lib/python3.13/site-packages/starlette/middleware/exceptions.py", line 63, in __call__
    await wrap_app_handling_exceptions(self.app, conn)(scope, receive, send)
  File "/home/raza/Projects/bill-extracter/backend/.venv/lib/python3.13/site-packages/starlette/_exception_handler.py", line 53, in wrapped_app
    raise exc
  File "/home/raza/Projects/bill-extracter/backend/.venv/lib/python3.13/site-packages/starlette/_exception_handler.py", line 42, in wrapped_app
    await app(scope, receive, sender)
  File "/home/raza/Projects/bill-extracter/backend/.venv/lib/python3.13/site-packages/fastapi/middleware/asyncexitstack.py", line 18, in __call__
    await self.app(scope, receive, send)
  File "/home/raza/Projects/bill-extracter/backend/.venv/lib/python3.13/site-packages/starlette/routing.py", line 660, in __call__
    await self.middleware_stack(scope, receive, send)
  File "/home/raza/Projects/bill-extracter/backend/.venv/lib/python3.13/site-packages/fastapi/routing.py", line 2543, in app
    await route.handle(scope, receive, send)
  File "/home/raza/Projects/bill-extracter/backend/.venv/lib/python3.13/site-packages/fastapi/routing.py", line 1700, in handle
    await self.original_router.handle(scope, receive, send)
  File "/home/raza/Projects/bill-extracter/backend/.venv/lib/python3.13/site-packages/fastapi/routing.py", line 2598, in handle
    await included_router._handle_selected(scope, receive, send)
  File "/home/raza/Projects/bill-extracter/backend/.venv/lib/python3.13/site-packages/fastapi/routing.py", line 1720, in _handle_selected
    await original_route.handle(scope, receive, send)
  File "/home/raza/Projects/bill-extracter/backend/.venv/lib/python3.13/site-packages/fastapi/routing.py", line 1239, in handle
    await app(scope, receive, send)
  File "/home/raza/Projects/bill-extracter/backend/.venv/lib/python3.13/site-packages/fastapi/routing.py", line 150, in app
    await wrap_app_handling_exceptions(app, request)(scope, receive, send)
  File "/home/raza/Projects/bill-extracter/backend/.venv/lib/python3.13/site-packages/starlette/_exception_handler.py", line 53, in wrapped_app
    raise exc
  File "/home/raza/Projects/bill-extracter/backend/.venv/lib/python3.13/site-packages/starlette/_exception_handler.py", line 42, in wrapped_app
    await app(scope, receive, sender)
  File "/home/raza/Projects/bill-extracter/backend/.venv/lib/python3.13/site-packages/fastapi/routing.py", line 136, in app
    response = await f(request)
               ^^^^^^^^^^^^^^^^
  File "/home/raza/Projects/bill-extracter/backend/.venv/lib/python3.13/site-packages/fastapi/routing.py", line 690, in app
    raw_response = await run_endpoint_function(
                   ^^^^^^^^^^^^^^^^^^^^^^^^^^^^
    ...<3 lines>...
    )
    ^
  File "/home/raza/Projects/bill-extracter/backend/.venv/lib/python3.13/site-packages/fastapi/routing.py", line 346, in run_endpoint_function
    return await run_in_threadpool(dependant.call, **values)
           ^^^^^^^^^^^^^^^^^^^^^^^^^^^^^^^^^^^^^^^^^^^^^^^^^
  File "/home/raza/Projects/bill-extracter/backend/.venv/lib/python3.13/site-packages/starlette/concurrency.py", line 34, in run_in_threadpool
    return await anyio.to_thread.run_sync(func)
           ^^^^^^^^^^^^^^^^^^^^^^^^^^^^^^^^^^^^
  File "/home/raza/Projects/bill-extracter/backend/.venv/lib/python3.13/site-packages/anyio/to_thread.py", line 63, in run_sync
    return await get_async_backend().run_sync_in_worker_thread(
           ^^^^^^^^^^^^^^^^^^^^^^^^^^^^^^^^^^^^^^^^^^^^^^^^^^^^
        func, args, abandon_on_cancel=abandon_on_cancel, limiter=limiter
        ^^^^^^^^^^^^^^^^^^^^^^^^^^^^^^^^^^^^^^^^^^^^^^^^^^^^^^^^^^^^^^^^
    )
    ^
  File "/home/raza/Projects/bill-extracter/backend/.venv/lib/python3.13/site-packages/anyio/_backends/_asyncio.py", line 2596, in run_sync_in_worker_thread
    return await future
           ^^^^^^^^^^^^
  File "/home/raza/Projects/bill-extracter/backend/.venv/lib/python3.13/site-packages/anyio/_backends/_asyncio.py", line 1029, in run
    result = context.run(func, *args)
  File "/home/raza/Projects/bill-extracter/backend/app/api/bills.py", line 63, in delete_bill
    bill = BillService.delete_bill(
        db,
        bill_id,
    )
  File "/home/raza/Projects/bill-extracter/backend/app/services/bill_service.py", line 98, in delete_bill
    pdf_path = Path(bill.pdf_path)
                    ^^^^^^^^^^^^^
AttributeError: 'UUID' object has no attribute 'pdf_path'
2026-07-02 18:56:51,417 | ERROR | bill-extractor | Unhandled Exception: /api/bills/b012d51e-75d1-4f77-81ca-50c9dc167658
Traceback (most recent call last):
  File "/home/raza/Projects/bill-extracter/backend/.venv/lib/python3.13/site-packages/starlette/middleware/errors.py", line 164, in __call__
    await self.app(scope, receive, _send)
  File "/home/raza/Projects/bill-extracter/backend/.venv/lib/python3.13/site-packages/starlette/middleware/exceptions.py", line 63, in __call__
    await wrap_app_handling_exceptions(self.app, conn)(scope, receive, send)
  File "/home/raza/Projects/bill-extracter/backend/.venv/lib/python3.13/site-packages/starlette/_exception_handler.py", line 53, in wrapped_app
    raise exc
  File "/home/raza/Projects/bill-extracter/backend/.venv/lib/python3.13/site-packages/starlette/_exception_handler.py", line 42, in wrapped_app
    await app(scope, receive, sender)
  File "/home/raza/Projects/bill-extracter/backend/.venv/lib/python3.13/site-packages/fastapi/middleware/asyncexitstack.py", line 18, in __call__
    await self.app(scope, receive, send)
  File "/home/raza/Projects/bill-extracter/backend/.venv/lib/python3.13/site-packages/starlette/routing.py", line 660, in __call__
    await self.middleware_stack(scope, receive, send)
  File "/home/raza/Projects/bill-extracter/backend/.venv/lib/python3.13/site-packages/fastapi/routing.py", line 2543, in app
    await route.handle(scope, receive, send)
  File "/home/raza/Projects/bill-extracter/backend/.venv/lib/python3.13/site-packages/fastapi/routing.py", line 1700, in handle
    await self.original_router.handle(scope, receive, send)
  File "/home/raza/Projects/bill-extracter/backend/.venv/lib/python3.13/site-packages/fastapi/routing.py", line 2598, in handle
    await included_router._handle_selected(scope, receive, send)
  File "/home/raza/Projects/bill-extracter/backend/.venv/lib/python3.13/site-packages/fastapi/routing.py", line 1720, in _handle_selected
    await original_route.handle(scope, receive, send)
  File "/home/raza/Projects/bill-extracter/backend/.venv/lib/python3.13/site-packages/fastapi/routing.py", line 1239, in handle
    await app(scope, receive, send)
  File "/home/raza/Projects/bill-extracter/backend/.venv/lib/python3.13/site-packages/fastapi/routing.py", line 150, in app
    await wrap_app_handling_exceptions(app, request)(scope, receive, send)
  File "/home/raza/Projects/bill-extracter/backend/.venv/lib/python3.13/site-packages/starlette/_exception_handler.py", line 53, in wrapped_app
    raise exc
  File "/home/raza/Projects/bill-extracter/backend/.venv/lib/python3.13/site-packages/starlette/_exception_handler.py", line 42, in wrapped_app
    await app(scope, receive, sender)
  File "/home/raza/Projects/bill-extracter/backend/.venv/lib/python3.13/site-packages/fastapi/routing.py", line 136, in app
    response = await f(request)
               ^^^^^^^^^^^^^^^^
  File "/home/raza/Projects/bill-extracter/backend/.venv/lib/python3.13/site-packages/fastapi/routing.py", line 690, in app
    raw_response = await run_endpoint_function(
                   ^^^^^^^^^^^^^^^^^^^^^^^^^^^^
    ...<3 lines>...
    )
    ^
  File "/home/raza/Projects/bill-extracter/backend/.venv/lib/python3.13/site-packages/fastapi/routing.py", line 346, in run_endpoint_function
    return await run_in_threadpool(dependant.call, **values)
           ^^^^^^^^^^^^^^^^^^^^^^^^^^^^^^^^^^^^^^^^^^^^^^^^^
  File "/home/raza/Projects/bill-extracter/backend/.venv/lib/python3.13/site-packages/starlette/concurrency.py", line 34, in run_in_threadpool
    return await anyio.to_thread.run_sync(func)
           ^^^^^^^^^^^^^^^^^^^^^^^^^^^^^^^^^^^^
  File "/home/raza/Projects/bill-extracter/backend/.venv/lib/python3.13/site-packages/anyio/to_thread.py", line 63, in run_sync
    return await get_async_backend().run_sync_in_worker_thread(
           ^^^^^^^^^^^^^^^^^^^^^^^^^^^^^^^^^^^^^^^^^^^^^^^^^^^^
        func, args, abandon_on_cancel=abandon_on_cancel, limiter=limiter
        ^^^^^^^^^^^^^^^^^^^^^^^^^^^^^^^^^^^^^^^^^^^^^^^^^^^^^^^^^^^^^^^^
    )
    ^
  File "/home/raza/Projects/bill-extracter/backend/.venv/lib/python3.13/site-packages/anyio/_backends/_asyncio.py", line 2596, in run_sync_in_worker_thread
    return await future
           ^^^^^^^^^^^^
  File "/home/raza/Projects/bill-extracter/backend/.venv/lib/python3.13/site-packages/anyio/_backends/_asyncio.py", line 1029, in run
    result = context.run(func, *args)
  File "/home/raza/Projects/bill-extracter/backend/app/api/bills.py", line 63, in delete_bill
    bill = BillService.delete_bill(
        db,
        bill_id,
    )
  File "/home/raza/Projects/bill-extracter/backend/app/services/bill_service.py", line 98, in delete_bill
    pdf_path = Path(bill.pdf_path)
                    ^^^^^^^^^^^^^
AttributeError: 'UUID' object has no attribute 'pdf_path'
2026-07-02 18:58:02,363 | INFO | bill-extractor | Bill deleted successfully
2026-07-02 18:58:02,387 | INFO | bill-extractor | Bill Extractor API started
2026-07-02 18:58:05,556 | INFO | bill-extractor | Bill Extractor API started
2026-07-02 18:59:08,204 | INFO | bill-extractor | Bill Extractor API started
2026-07-02 18:59:18,546 | ERROR | bill-extractor | Unhandled Exception: /api/bills/b012d51e-75d1-4f77-81ca-50c9dc167658
Traceback (most recent call last):
  File "/home/raza/Projects/bill-extracter/backend/.venv/lib/python3.13/site-packages/starlette/middleware/errors.py", line 164, in __call__
    await self.app(scope, receive, _send)
  File "/home/raza/Projects/bill-extracter/backend/.venv/lib/python3.13/site-packages/starlette/middleware/exceptions.py", line 63, in __call__
    await wrap_app_handling_exceptions(self.app, conn)(scope, receive, send)
  File "/home/raza/Projects/bill-extracter/backend/.venv/lib/python3.13/site-packages/starlette/_exception_handler.py", line 53, in wrapped_app
    raise exc
  File "/home/raza/Projects/bill-extracter/backend/.venv/lib/python3.13/site-packages/starlette/_exception_handler.py", line 42, in wrapped_app
    await app(scope, receive, sender)
  File "/home/raza/Projects/bill-extracter/backend/.venv/lib/python3.13/site-packages/fastapi/middleware/asyncexitstack.py", line 18, in __call__
    await self.app(scope, receive, send)
  File "/home/raza/Projects/bill-extracter/backend/.venv/lib/python3.13/site-packages/starlette/routing.py", line 660, in __call__
    await self.middleware_stack(scope, receive, send)
  File "/home/raza/Projects/bill-extracter/backend/.venv/lib/python3.13/site-packages/fastapi/routing.py", line 2543, in app
    await route.handle(scope, receive, send)
  File "/home/raza/Projects/bill-extracter/backend/.venv/lib/python3.13/site-packages/fastapi/routing.py", line 1700, in handle
    await self.original_router.handle(scope, receive, send)
  File "/home/raza/Projects/bill-extracter/backend/.venv/lib/python3.13/site-packages/fastapi/routing.py", line 2598, in handle
    await included_router._handle_selected(scope, receive, send)
  File "/home/raza/Projects/bill-extracter/backend/.venv/lib/python3.13/site-packages/fastapi/routing.py", line 1720, in _handle_selected
    await original_route.handle(scope, receive, send)
  File "/home/raza/Projects/bill-extracter/backend/.venv/lib/python3.13/site-packages/fastapi/routing.py", line 1239, in handle
    await app(scope, receive, send)
  File "/home/raza/Projects/bill-extracter/backend/.venv/lib/python3.13/site-packages/fastapi/routing.py", line 150, in app
    await wrap_app_handling_exceptions(app, request)(scope, receive, send)
  File "/home/raza/Projects/bill-extracter/backend/.venv/lib/python3.13/site-packages/starlette/_exception_handler.py", line 53, in wrapped_app
    raise exc
  File "/home/raza/Projects/bill-extracter/backend/.venv/lib/python3.13/site-packages/starlette/_exception_handler.py", line 42, in wrapped_app
    await app(scope, receive, sender)
  File "/home/raza/Projects/bill-extracter/backend/.venv/lib/python3.13/site-packages/fastapi/routing.py", line 136, in app
    response = await f(request)
               ^^^^^^^^^^^^^^^^
  File "/home/raza/Projects/bill-extracter/backend/.venv/lib/python3.13/site-packages/fastapi/routing.py", line 690, in app
    raw_response = await run_endpoint_function(
                   ^^^^^^^^^^^^^^^^^^^^^^^^^^^^
    ...<3 lines>...
    )
    ^
  File "/home/raza/Projects/bill-extracter/backend/.venv/lib/python3.13/site-packages/fastapi/routing.py", line 346, in run_endpoint_function
    return await run_in_threadpool(dependant.call, **values)
           ^^^^^^^^^^^^^^^^^^^^^^^^^^^^^^^^^^^^^^^^^^^^^^^^^
  File "/home/raza/Projects/bill-extracter/backend/.venv/lib/python3.13/site-packages/starlette/concurrency.py", line 34, in run_in_threadpool
    return await anyio.to_thread.run_sync(func)
           ^^^^^^^^^^^^^^^^^^^^^^^^^^^^^^^^^^^^
  File "/home/raza/Projects/bill-extracter/backend/.venv/lib/python3.13/site-packages/anyio/to_thread.py", line 63, in run_sync
    return await get_async_backend().run_sync_in_worker_thread(
           ^^^^^^^^^^^^^^^^^^^^^^^^^^^^^^^^^^^^^^^^^^^^^^^^^^^^
        func, args, abandon_on_cancel=abandon_on_cancel, limiter=limiter
        ^^^^^^^^^^^^^^^^^^^^^^^^^^^^^^^^^^^^^^^^^^^^^^^^^^^^^^^^^^^^^^^^
    )
    ^
  File "/home/raza/Projects/bill-extracter/backend/.venv/lib/python3.13/site-packages/anyio/_backends/_asyncio.py", line 2596, in run_sync_in_worker_thread
    return await future
           ^^^^^^^^^^^^
  File "/home/raza/Projects/bill-extracter/backend/.venv/lib/python3.13/site-packages/anyio/_backends/_asyncio.py", line 1029, in run
    result = context.run(func, *args)
  File "/home/raza/Projects/bill-extracter/backend/app/api/bills.py", line 63, in delete_bill
    bill = BillService.get_bill(
           ^^^^^^^^^^^^^^^^^^^^
AttributeError: type object 'BillService' has no attribute 'get_bill'
2026-07-02 19:01:39,386 | INFO | bill-extractor | Bill Extractor API started
2026-07-02 19:02:08,198 | INFO | bill-extractor | Bill Extractor API started
2026-07-02 19:02:39,937 | INFO | bill-extractor | Bill Extractor API started
2026-07-02 19:02:40,531 | INFO | bill-extractor | Bill Extractor API started
2026-07-02 19:04:08,079 | INFO | bill-extractor | Deleted PDF: app/storage/uploads/a3b8c259-c643-4df8-a666-492346c7e17e.pdf
2026-07-02 19:04:08,079 | INFO | bill-extractor | Deleting bill: 001342138725
2026-07-02 19:04:08,082 | INFO | bill-extractor | Bill deleted successfully
2026-07-02 19:04:33,655 | INFO | bill-extractor | Deleted PDF: app/storage/uploads/91d2da5d-72bd-4451-9055-2d9589e6b61b.pdf
2026-07-02 19:04:33,655 | INFO | bill-extractor | Deleting bill: 001342138725
2026-07-02 19:04:33,666 | INFO | bill-extractor | Bill deleted successfully
